[www.packdemusicas.com.br/videoclipes.html]
[backblue.gif]
[fade.gif]
[index.html]
[www.packdemusicas.com.br/normalize.css]
[www.packdemusicas.com.br/reset.css]
[www.packdemusicas.com.br/favicon.png]
[www.packdemusicas.com.br/imgvideoclipes/favicon.png]
[www.packdemusicas.com.br/imgvideoclipes/bg.png]
[www.packdemusicas.com.br/imgvideoclipes/logotipo.png]
[www.packdemusicas.com.br/imgvideoclipes/card01.png]
[www.packdemusicas.com.br/imgvideoclipes/card02.png]
[www.packdemusicas.com.br/imgvideoclipes/card03.png]
[www.packdemusicas.com.br/imgvideoclipes/card04.png]
[www.packdemusicas.com.br/imgvideoclipes/card05.png]
[www.packdemusicas.com.br/imgvideoclipes/card06.png]
[www.packdemusicas.com.br/imgvideoclipes/card07.png]
[www.packdemusicas.com.br/imgvideoclipes/card08.png]
[www.packdemusicas.com.br/imgvideoclipes/card09.png]
[www.packdemusicas.com.br/imgvideoclipes/card10.png]
[www.packdemusicas.com.br/imgvideoclipes/card11.png]
[www.packdemusicas.com.br/imgvideoclipes/card12.png]
[www.packdemusicas.com.br/imgvideoclipes/card13.png]
[www.packdemusicas.com.br/imgvideoclipes/card14.png]
[www.packdemusicas.com.br/imgvideoclipes/card15.png]
[www.packdemusicas.com.br/imgvideoclipes/card16.png]
[www.packdemusicas.com.br/imgvideoclipes/card17.png]
[www.packdemusicas.com.br/imgvideoclipes/card18.png]
[www.packdemusicas.com.br/imgvideoclipes/card19.png]
[www.packdemusicas.com.br/imgvideoclipes/card20.png]
[www.packdemusicas.com.br/imgvideoclipes/card21.png]
[www.packdemusicas.com.br/imgvideoclipes/card22.png]
[www.packdemusicas.com.br/imgvideoclipes/card23.png]
[www.packdemusicas.com.br/imgvideoclipes/card24.png]
[www.packdemusicas.com.br/imgvideoclipes/card25.png]
[www.packdemusicas.com.br/imgvideoclipes/card26.png]
[www.packdemusicas.com.br/imgvideoclipes/card27.png]
[www.packdemusicas.com.br/imgvideoclipes/card28.png]
[www.packdemusicas.com.br/imgvideoclipes/topo.png]
[www.packdemusicas.com.br/imgvideoclipes/imglogin.png]
[www.packdemusicas.com.br/imgvideoclipes/bg.mp4]
[www.packdemusicas.com.br/Imagens/logo02.png]
[www.packdemusicas.com.br/imgvideoclipes/Facebook.png]
[www.packdemusicas.com.br/imgvideoclipes/Instagram.png]
[www.packdemusicas.com.br/imgvideoclipes/Youtube.png]
[www.packdemusicas.com.br/imgvideoclipes/thumb01.png]
[www.packdemusicas.com.br/imgvideoclipes/thumb02.png]
[www.packdemusicas.com.br/imgvideoclipes/thumb03.png]
[www.packdemusicas.com.br/imgvideoclipes/thumb04.png]
[www.packdemusicas.com.br/imgvideoclipes/thumb05.png]
[www.packdemusicas.com.br/imgvideoclipes/thumb06.png]
[www.packdemusicas.com.br/imgvideoclipes/thumb07.png]
[www.packdemusicas.com.br/imgvideoclipes/thumb08.png]
[www.packdemusicas.com.br/imgvideoclipes/thumb09.png]
[www.packdemusicas.com.br/imgvideoclipes/thumb10.png]
[www.packdemusicas.com.br/imgvideoclipes/thumb11.png]
[www.packdemusicas.com.br/imgvideoclipes/thumb12.png]
[www.packdemusicas.com.br/imgvideoclipes/thumb13.png]
[www.packdemusicas.com.br/imgvideoclipes/thumb14.png]
[www.packdemusicas.com.br/imgvideoclipes/thumb15.png]
[www.packdemusicas.com.br/imgvideoclipes/thumb16.png]
[www.packdemusicas.com.br/imgvideoclipes/thumb17.png]
[www.packdemusicas.com.br/imgvideoclipes/thumb18.png]
[www.packdemusicas.com.br/imgvideoclipes/thumb19.png]
[www.packdemusicas.com.br/imgvideoclipes/thumb20.png]
[www.packdemusicas.com.br/imgvideoclipes/thumb21.png]
[www.packdemusicas.com.br/imgvideoclipes/thumb22.png]
[www.packdemusicas.com.br/imgvideoclipes/thumb23.png]
[www.packdemusicas.com.br/imgvideoclipes/thumb24.png]
[www.packdemusicas.com.br/imgvideoclipes/thumb25.png]
[www.packdemusicas.com.br/imgvideoclipes/thumb26.png]
[www.packdemusicas.com.br/imgvideoclipes/thumb27.png]
[www.packdemusicas.com.br/imgvideoclipes/thumb28.png]
[www.packdemusicas.com.br/spamblock/reset/banimento/script03/script.js]
[www.packdemusicas.com.br/videoclipes.html]
[www.packdemusicas.com.br/normalize.css]
[www.packdemusicas.com.br/reset.css]
[www.packdemusicas.com.br/favicon.html]
[www.packdemusicas.com.br/spamblock/reset/banimento/script03/script.js]
